<?xml version="1.0" encoding="UTF-8"?>
<testsuite xmlns:xsi="http://www.w3.org/2001/XMLSchema-instance" xsi:noNamespaceSchemaLocation="https://maven.apache.org/surefire/maven-surefire-plugin/xsd/surefire-test-report.xsd" version="3.0.2" name="com.sgvv.ifba.IfbaApplicationTests" time="4.111" tests="1" errors="0" skipped="0" failures="0">
  <properties>
[...]
</properties>
  <testcase name="contextLoads" classname="com.sgvv.ifba.IfbaApplicationTests" time="0.313">
    <system-out><![CDATA[12:51:43.824 [main] INFO org.springframework.test.context.support.AnnotationConfigContextLoaderUtils -- Could not detect default configuration classes for test class [com.sgvv.ifba.IfbaApplicationTests]: IfbaApplicationTests does not declare any static, non-private, non-final, nested classes annotated with @Configuration.
12:51:43.931 [main] INFO org.springframework.boot.test.context.SpringBootTestContextBootstrapper -- Found @SpringBootConfiguration com.sgvv.ifba.IfbaApplication for test class com.sgvv.ifba.IfbaApplicationTests
12:51:44.069 [main] INFO org.springframework.boot.devtools.restart.RestartApplicationListener -- Restart disabled due to context in which it is running

  .   ____          _            __ _ _
 /\\ / ___'_ __ _ _(_)_ __  __ _ \ \ \ \
( ( )\___ | '_ | '_| | '_ \/ _` | \ \ \ \
 \\/  ___)| |_)| | | | | || (_| |  ) ) ) )
  '  |____| .__|_| |_|_| |_\__, | / / / /
 =========|_|==============|___/=/_/_/_/

 :: Spring Boot ::                (v3.5.3)

2025-08-12T12:51:44.286-03:00  INFO 23508 --- [ifba] [           main] com.sgvv.ifba.IfbaApplicationTests       : Starting IfbaApplicationTests using Java 21.0.6 with PID 23508 (started by minat in C:\Users\minat\Videos\IFBA--SGVV)
2025-08-12T12:51:44.286-03:00  INFO 23508 --- [ifba] [           main] com.sgvv.ifba.IfbaApplicationTests       : No active profile set, falling back to 1 default profile: "default"
2025-08-12T12:51:44.875-03:00  INFO 23508 --- [ifba] [           main] .s.d.r.c.RepositoryConfigurationDelegate : Bootstrapping Spring Data JPA repositories in DEFAULT mode.
2025-08-12T12:51:44.956-03:00  INFO 23508 --- [ifba] [           main] .s.d.r.c.RepositoryConfigurationDelegate : Finished Spring Data repository scanning in 68 ms. Found 6 JPA repository interfaces.
2025-08-12T12:51:45.273-03:00  INFO 23508 --- [ifba] [           main] com.zaxxer.hikari.HikariDataSource       : HikariPool-1 - Starting...
2025-08-12T12:51:45.451-03:00  INFO 23508 --- [ifba] [           main] com.zaxxer.hikari.pool.HikariPool        : HikariPool-1 - Added connection conn0: url=jdbc:h2:mem:d906e870-3f8d-4f9d-b883-f4733134d5e9 user=SA
2025-08-12T12:51:45.451-03:00  INFO 23508 --- [ifba] [           main] com.zaxxer.hikari.HikariDataSource       : HikariPool-1 - Start completed.
2025-08-12T12:51:45.482-03:00  INFO 23508 --- [ifba] [           main] o.hibernate.jpa.internal.util.LogHelper  : HHH000204: Processing PersistenceUnitInfo [name: default]
2025-08-12T12:51:45.543-03:00  INFO 23508 --- [ifba] [           main] org.hibernate.Version                    : HHH000412: Hibernate ORM core version 6.6.18.Final
2025-08-12T12:51:45.569-03:00  INFO 23508 --- [ifba] [           main] o.h.c.internal.RegionFactoryInitiator    : HHH000026: Second-level cache disabled
2025-08-12T12:51:45.800-03:00  INFO 23508 --- [ifba] [           main] o.s.o.j.p.SpringPersistenceUnitInfo      : No LoadTimeWeaver setup: ignoring JPA class transformer
2025-08-12T12:51:45.881-03:00  INFO 23508 --- [ifba] [           main] org.hibernate.orm.connections.pooling    : HHH10001005: Database info:
	Database JDBC URL [Connecting through datasource 'HikariDataSource (HikariPool-1)']
	Database driver: undefined/unknown
	Database version: 2.3.232
	Autocommit mode: undefined/unknown
	Isolation level: undefined/unknown
	Minimum pool size: undefined/unknown
	Maximum pool size: undefined/unknown
2025-08-12T12:51:46.618-03:00  INFO 23508 --- [ifba] [           main] o.h.e.t.j.p.i.JtaPlatformInitiator       : HHH000489: No JTA platform available (set 'hibernate.transaction.jta.platform' to enable JTA platform integration)
2025-08-12T12:51:46.659-03:00  INFO 23508 --- [ifba] [           main] j.LocalContainerEntityManagerFactoryBean : Initialized JPA EntityManagerFactory for persistence unit 'default'
2025-08-12T12:51:47.168-03:00  WARN 23508 --- [ifba] [           main] JpaBaseConfiguration$JpaWebConfiguration : spring.jpa.open-in-view is enabled by default. Therefore, database queries may be performed during view rendering. Explicitly configure spring.jpa.open-in-view to disable this warning
2025-08-12T12:51:47.496-03:00  INFO 23508 --- [ifba] [           main] com.sgvv.ifba.IfbaApplicationTests       : Started IfbaApplicationTests in 3.441 seconds (process running for 4.203)
]]></system-out>
    <system-err><![CDATA[Mockito is currently self-attaching to enable the inline-mock-maker. This will no longer work in future releases of the JDK. Please add Mockito as an agent to your build as described in Mockito's documentation: https://javadoc.io/doc/org.mockito/mockito-core/latest/org.mockito/org/mockito/Mockito.html#0.3
WARNING: A Java agent has been loaded dynamically (C:\Users\minat\.m2\repository\net\bytebuddy\byte-buddy-agent\1.17.6\byte-buddy-agent-1.17.6.jar)
WARNING: If a serviceability tool is in use, please run with -XX:+EnableDynamicAgentLoading to hide this warning
WARNING: If a serviceability tool is not in use, please run with -Djdk.instrument.traceUsage for more information
WARNING: Dynamic loading of agents will be disallowed by default in a future release
]]></system-err>
  </testcase>
</testsuite>